    Checking brisas-app v0.1.0 (C:\Users\femprobrisas\proyecto-brisas\Rust\brisas-app\src-tauri)
error[E0433]: failed to resolve: could not find `IngresoVisitaService` in `ingreso_visita_service`
   --> src\services\cita_service.rs:124:54
    |
124 |             crate::services::ingreso_visita_service::IngresoVisitaService::new(self.pool.clone());
    |                                                      ^^^^^^^^^^^^^^^^^^^^
    |                                                      |
    |                                                      could not find `IngresoVisitaService` in `ingreso_visita_service`
    |                                                      help: an enum with a similar name exists: `IngresoVisitaError`

warning: unused import: `VisitanteError`
 --> src\services\ingreso_visita_service.rs:7:49
  |
7 | use crate::domain::errors::{IngresoVisitaError, VisitanteError};
  |                                                 ^^^^^^^^^^^^^^
  |
  = note: `#[warn(unused_imports)]` (part of `#[warn(unused)]`) on by default

warning: unexpected `cfg` condition value: `logging`
   --> src\services\ingreso_visita_service.rs:126:19
    |
126 |             #[cfg(feature = "logging")]
    |                   ^^^^^^^^^^^^^^^^^^^
    |
    = note: expected values for `feature` are: `default`, `export`, `export-excel`, `export-pdf`, `rust_xlsxwriter`, `secret-service`, `ttf-parser`, `typst`, and `typst-pdf`
    = help: consider adding `logging` as a feature in `Cargo.toml`
    = note: see <https://doc.rust-lang.org/nightly/rustc/check-cfg/cargo-specifics.html> for more information about checking conditional configuration
    = note: `#[warn(unexpected_cfgs)]` on by default

error[E0277]: the trait bound `std::string::String: From<std::option::Option<std::string::String>>` is not satisfied
   --> src\db\visitante_queries.rs:95:15
    |
 95 |       let row = sqlx::query_as!(
    |  _______________^
 96 | |         VisitanteRow,
 97 | |         r#"
 98 | |         SELECT 
...   |
107 | |         cedula
108 | |     )
    | |_____^ the trait `From<std::option::Option<std::string::String>>` is not implemented for `std::string::String`
    |
    = help: the following other types implement trait `From<T>`:
              `std::string::String` implements `From<&EcoString>`
              `std::string::String` implements `From<&mut str>`
              `std::string::String` implements `From<&std::string::String>`
              `std::string::String` implements `From<&str>`
              `std::string::String` implements `From<AssetKey>`
              `std::string::String` implements `From<Box<str>>`
              `std::string::String` implements `From<Cow<'_, str>>`
              `std::string::String` implements `From<EcoString>`
            and 14 others
    = note: required for `std::option::Option<std::string::String>` to implement `Into<std::string::String>`
    = note: this error originates in the macro `$crate::sqlx_macros::expand_query` which comes from the expansion of the macro `sqlx::query_as` (in Nightly builds, run with -Z macro-backtrace for more info)

error[E0277]: the trait bound `bool: From<std::option::Option<bool>>` is not satisfied
   --> src\db\visitante_queries.rs:95:15
    |
 95 |       let row = sqlx::query_as!(
    |  _______________^
 96 | |         VisitanteRow,
 97 | |         r#"
 98 | |         SELECT 
...   |
107 | |         cedula
108 | |     )
    | |_____^ the trait `From<std::option::Option<bool>>` is not implemented for `bool`
    |
    = help: the following other types implement trait `From<T>`:
              `bool` implements `From<&windows::Win32::Foundation::BOOL>`
              `bool` implements `From<&windows::Win32::Foundation::BOOLEAN>`
              `bool` implements `From<&windows::Win32::Foundation::VARIANT_BOOL>`
              `bool` implements `From<&windows::Win32::Foundation::VARIANT_BOOL>`
              `bool` implements `From<&windows_result::bool::BOOL>`
              `bool` implements `From<format_description::parse::format_item::HourBase>`
              `bool` implements `From<format_description::parse::format_item::MonthCaseSensitive>`
              `bool` implements `From<format_description::parse::format_item::PeriodCase>`
            and 17 others
    = note: required for `std::option::Option<bool>` to implement `Into<bool>`
    = note: this error originates in the macro `$crate::sqlx_macros::expand_query` which comes from the expansion of the macro `sqlx::query_as` (in Nightly builds, run with -Z macro-backtrace for more info)

error[E0277]: the trait bound `std::string::String: From<std::option::Option<std::string::String>>` is not satisfied
   --> src\db\visitante_queries.rs:116:15
    |
116 |       let row = sqlx::query_as!(
    |  _______________^
117 | |         VisitanteRow,
118 | |         r#"
119 | |         SELECT 
...   |
128 | |         id
129 | |     )
    | |_____^ the trait `From<std::option::Option<std::string::String>>` is not implemented for `std::string::String`
    |
    = help: the following other types implement trait `From<T>`:
              `std::string::String` implements `From<&EcoString>`
              `std::string::String` implements `From<&mut str>`
              `std::string::String` implements `From<&std::string::String>`
              `std::string::String` implements `From<&str>`
              `std::string::String` implements `From<AssetKey>`
              `std::string::String` implements `From<Box<str>>`
              `std::string::String` implements `From<Cow<'_, str>>`
              `std::string::String` implements `From<EcoString>`
            and 14 others
    = note: required for `std::option::Option<std::string::String>` to implement `Into<std::string::String>`
    = note: this error originates in the macro `$crate::sqlx_macros::expand_query` which comes from the expansion of the macro `sqlx::query_as` (in Nightly builds, run with -Z macro-backtrace for more info)

error[E0277]: the trait bound `bool: From<std::option::Option<bool>>` is not satisfied
   --> src\db\visitante_queries.rs:116:15
    |
116 |       let row = sqlx::query_as!(
    |  _______________^
117 | |         VisitanteRow,
118 | |         r#"
119 | |         SELECT 
...   |
128 | |         id
129 | |     )
    | |_____^ the trait `From<std::option::Option<bool>>` is not implemented for `bool`
    |
    = help: the following other types implement trait `From<T>`:
              `bool` implements `From<&windows::Win32::Foundation::BOOL>`
              `bool` implements `From<&windows::Win32::Foundation::BOOLEAN>`
              `bool` implements `From<&windows::Win32::Foundation::VARIANT_BOOL>`
              `bool` implements `From<&windows::Win32::Foundation::VARIANT_BOOL>`
              `bool` implements `From<&windows_result::bool::BOOL>`
              `bool` implements `From<format_description::parse::format_item::HourBase>`
              `bool` implements `From<format_description::parse::format_item::MonthCaseSensitive>`
              `bool` implements `From<format_description::parse::format_item::PeriodCase>`
            and 17 others
    = note: required for `std::option::Option<bool>` to implement `Into<bool>`
    = note: this error originates in the macro `$crate::sqlx_macros::expand_query` which comes from the expansion of the macro `sqlx::query_as` (in Nightly builds, run with -Z macro-backtrace for more info)

error[E0277]: the trait bound `std::string::String: From<std::option::Option<std::string::String>>` is not satisfied
   --> src\db\visitante_queries.rs:138:16
    |
138 |       let rows = sqlx::query_as!(
    |  ________________^
139 | |         VisitanteRow,
140 | |         r#"
141 | |         SELECT 
...   |
153 | |         pattern
154 | |     )
    | |_____^ the trait `From<std::option::Option<std::string::String>>` is not implemented for `std::string::String`
    |
    = help: the following other types implement trait `From<T>`:
              `std::string::String` implements `From<&EcoString>`
              `std::string::String` implements `From<&mut str>`
              `std::string::String` implements `From<&std::string::String>`
              `std::string::String` implements `From<&str>`
              `std::string::String` implements `From<AssetKey>`
              `std::string::String` implements `From<Box<str>>`
              `std::string::String` implements `From<Cow<'_, str>>`
              `std::string::String` implements `From<EcoString>`
            and 14 others
    = note: required for `std::option::Option<std::string::String>` to implement `Into<std::string::String>`
    = note: this error originates in the macro `$crate::sqlx_macros::expand_query` which comes from the expansion of the macro `sqlx::query_as` (in Nightly builds, run with -Z macro-backtrace for more info)

error[E0277]: the trait bound `bool: From<std::option::Option<bool>>` is not satisfied
   --> src\db\visitante_queries.rs:138:16
    |
138 |       let rows = sqlx::query_as!(
    |  ________________^
139 | |         VisitanteRow,
140 | |         r#"
141 | |         SELECT 
...   |
153 | |         pattern
154 | |     )
    | |_____^ the trait `From<std::option::Option<bool>>` is not implemented for `bool`
    |
    = help: the following other types implement trait `From<T>`:
              `bool` implements `From<&windows::Win32::Foundation::BOOL>`
              `bool` implements `From<&windows::Win32::Foundation::BOOLEAN>`
              `bool` implements `From<&windows::Win32::Foundation::VARIANT_BOOL>`
              `bool` implements `From<&windows::Win32::Foundation::VARIANT_BOOL>`
              `bool` implements `From<&windows_result::bool::BOOL>`
              `bool` implements `From<format_description::parse::format_item::HourBase>`
              `bool` implements `From<format_description::parse::format_item::MonthCaseSensitive>`
              `bool` implements `From<format_description::parse::format_item::PeriodCase>`
            and 17 others
    = note: required for `std::option::Option<bool>` to implement `Into<bool>`
    = note: this error originates in the macro `$crate::sqlx_macros::expand_query` which comes from the expansion of the macro `sqlx::query_as` (in Nightly builds, run with -Z macro-backtrace for more info)

error[E0308]: mismatched types
  --> src\db\visitante_queries.rs:39:22
   |
39 |             empresa: row.empresa.unwrap_or_else(|| "Sin empresa".to_string()),
   |                      ^^^^^^^^^^^^^^^^^^^^^^^^^^^^^^^^^^^^^^^^^^^^^^^^^^^^^^^^ expected `Option<String>`, found `String`
   |
   = note: expected enum `std::option::Option<std::string::String>`
            found struct `std::string::String`
help: try wrapping the expression in `Some`
   |
39 |             empresa: Some(row.empresa.unwrap_or_else(|| "Sin empresa".to_string())),
   |                      +++++                                                        +

Some errors have detailed explanations: E0277, E0308, E0433.
For more information about an error, try `rustc --explain E0277`.
warning: `brisas-app` (lib) generated 2 warnings
error: could not compile `brisas-app` (lib) due to 8 previous errors; 2 warnings emitted
