   Compiling ring v0.17.14
   Compiling zstd-sys v2.0.16+zstd.1.5.7
   Compiling libsqlite3-sys v0.27.0
   Compiling psm v0.1.28
   Compiling stacker v0.1.22
   Compiling libmimalloc-sys v0.1.44
    Checking typst-eval v0.14.0
    Checking typst v0.14.0
    Checking mimalloc v0.1.48
   Compiling rustls v0.21.12
   Compiling rustls v0.23.35
    Checking rustls-webpki v0.103.8
   Compiling rustls-webpki v0.101.7
   Compiling sct v0.7.1
   Compiling sqlx-core v0.7.4
    Checking tokio-rustls v0.26.4
    Checking hyper-rustls v0.27.7
    Checking reqwest v0.12.24
    Checking tauri-plugin-updater v2.9.0
   Compiling zstd-safe v7.2.4
    Checking zstd v0.13.3
    Checking tantivy-sstable v0.3.0
    Checking tantivy-columnar v0.3.0
    Checking tantivy v0.22.1
   Compiling sqlx-sqlite v0.7.4
   Compiling sqlx-macros-core v0.7.4
   Compiling sqlx-macros v0.7.4
    Checking sqlx v0.7.4
    Checking brisas-app v0.1.0 (C:\Users\femprobrisas\proyecto-brisas\Rust\brisas-app\src-tauri)
error: unsupported type DATETIME of column #13 ("fecha_ingreso")
   --> src\db\ingreso_proveedor_queries.rs:154:15
    |
154 |       let row = sqlx::query_as!(
    |  _______________^
155 | |         IngresoProveedorRow,
156 | |         r#"
157 | |         SELECT 
...   |
169 | |         id
170 | |     )
    | |_____^
    |
    = note: this error originates in the macro `$crate::sqlx_macros::expand_query` which comes from the expansion of the macro `sqlx::query_as` (in Nightly builds, run with -Z macro-backtrace for more info)

error: unsupported type DATETIME of column #14 ("fecha_salida")
   --> src\db\ingreso_proveedor_queries.rs:154:15
    |
154 |       let row = sqlx::query_as!(
    |  _______________^
155 | |         IngresoProveedorRow,
156 | |         r#"
157 | |         SELECT 
...   |
169 | |         id
170 | |     )
    | |_____^
    |
    = note: this error originates in the macro `$crate::sqlx_macros::expand_query` which comes from the expansion of the macro `sqlx::query_as` (in Nightly builds, run with -Z macro-backtrace for more info)

error: unsupported type DATETIME of column #19 ("created_at")
   --> src\db\ingreso_proveedor_queries.rs:154:15
    |
154 |       let row = sqlx::query_as!(
    |  _______________^
155 | |         IngresoProveedorRow,
156 | |         r#"
157 | |         SELECT 
...   |
169 | |         id
170 | |     )
    | |_____^
    |
    = note: this error originates in the macro `$crate::sqlx_macros::expand_query` which comes from the expansion of the macro `sqlx::query_as` (in Nightly builds, run with -Z macro-backtrace for more info)

error: unsupported type DATETIME of column #20 ("updated_at")
   --> src\db\ingreso_proveedor_queries.rs:154:15
    |
154 |       let row = sqlx::query_as!(
    |  _______________^
155 | |         IngresoProveedorRow,
156 | |         r#"
157 | |         SELECT 
...   |
169 | |         id
170 | |     )
    | |_____^
    |
    = note: this error originates in the macro `$crate::sqlx_macros::expand_query` which comes from the expansion of the macro `sqlx::query_as` (in Nightly builds, run with -Z macro-backtrace for more info)

error: unsupported type NULL of column #22 ("usuario_salida_nombre")
   --> src\db\ingreso_proveedor_queries.rs:154:15
    |
154 |       let row = sqlx::query_as!(
    |  _______________^
155 | |         IngresoProveedorRow,
156 | |         r#"
157 | |         SELECT 
...   |
169 | |         id
170 | |     )
    | |_____^
    |
    = note: this error originates in the macro `$crate::sqlx_macros::expand_query` which comes from the expansion of the macro `sqlx::query_as` (in Nightly builds, run with -Z macro-backtrace for more info)

error: unsupported type DATETIME of column #13 ("fecha_ingreso")
   --> src\db\ingreso_proveedor_queries.rs:178:16
    |
178 |       let rows = sqlx::query_as!(
    |  ________________^
179 | |         IngresoProveedorRow,
180 | |         r#"
181 | |         SELECT 
...   |
193 | |         "#
194 | |     )
    | |_____^
    |
    = note: this error originates in the macro `$crate::sqlx_macros::expand_query` which comes from the expansion of the macro `sqlx::query_as` (in Nightly builds, run with -Z macro-backtrace for more info)

error: unsupported type DATETIME of column #14 ("fecha_salida")
   --> src\db\ingreso_proveedor_queries.rs:178:16
    |
178 |       let rows = sqlx::query_as!(
    |  ________________^
179 | |         IngresoProveedorRow,
180 | |         r#"
181 | |         SELECT 
...   |
193 | |         "#
194 | |     )
    | |_____^
    |
    = note: this error originates in the macro `$crate::sqlx_macros::expand_query` which comes from the expansion of the macro `sqlx::query_as` (in Nightly builds, run with -Z macro-backtrace for more info)

error: unsupported type DATETIME of column #19 ("created_at")
   --> src\db\ingreso_proveedor_queries.rs:178:16
    |
178 |       let rows = sqlx::query_as!(
    |  ________________^
179 | |         IngresoProveedorRow,
180 | |         r#"
181 | |         SELECT 
...   |
193 | |         "#
194 | |     )
    | |_____^
    |
    = note: this error originates in the macro `$crate::sqlx_macros::expand_query` which comes from the expansion of the macro `sqlx::query_as` (in Nightly builds, run with -Z macro-backtrace for more info)

error: unsupported type DATETIME of column #20 ("updated_at")
   --> src\db\ingreso_proveedor_queries.rs:178:16
    |
178 |       let rows = sqlx::query_as!(
    |  ________________^
179 | |         IngresoProveedorRow,
180 | |         r#"
181 | |         SELECT 
...   |
193 | |         "#
194 | |     )
    | |_____^
    |
    = note: this error originates in the macro `$crate::sqlx_macros::expand_query` which comes from the expansion of the macro `sqlx::query_as` (in Nightly builds, run with -Z macro-backtrace for more info)

error: unsupported type NULL of column #22 ("usuario_salida_nombre")
   --> src\db\ingreso_proveedor_queries.rs:178:16
    |
178 |       let rows = sqlx::query_as!(
    |  ________________^
179 | |         IngresoProveedorRow,
180 | |         r#"
181 | |         SELECT 
...   |
193 | |         "#
194 | |     )
    | |_____^
    |
    = note: this error originates in the macro `$crate::sqlx_macros::expand_query` which comes from the expansion of the macro `sqlx::query_as` (in Nightly builds, run with -Z macro-backtrace for more info)

error: unsupported type DATETIME of column #13 ("fecha_ingreso")
   --> src\db\ingreso_proveedor_queries.rs:202:16
    |
202 |       let rows = sqlx::query_as!(
    |  ________________^
203 | |         IngresoProveedorRow,
204 | |         r#"
205 | |         SELECT 
...   |
219 | |         "#
220 | |     )
    | |_____^
    |
    = note: this error originates in the macro `$crate::sqlx_macros::expand_query` which comes from the expansion of the macro `sqlx::query_as` (in Nightly builds, run with -Z macro-backtrace for more info)

error: unsupported type DATETIME of column #14 ("fecha_salida")
   --> src\db\ingreso_proveedor_queries.rs:202:16
    |
202 |       let rows = sqlx::query_as!(
    |  ________________^
203 | |         IngresoProveedorRow,
204 | |         r#"
205 | |         SELECT 
...   |
219 | |         "#
220 | |     )
    | |_____^
    |
    = note: this error originates in the macro `$crate::sqlx_macros::expand_query` which comes from the expansion of the macro `sqlx::query_as` (in Nightly builds, run with -Z macro-backtrace for more info)

error: unsupported type DATETIME of column #19 ("created_at")
   --> src\db\ingreso_proveedor_queries.rs:202:16
    |
202 |       let rows = sqlx::query_as!(
    |  ________________^
203 | |         IngresoProveedorRow,
204 | |         r#"
205 | |         SELECT 
...   |
219 | |         "#
220 | |     )
    | |_____^
    |
    = note: this error originates in the macro `$crate::sqlx_macros::expand_query` which comes from the expansion of the macro `sqlx::query_as` (in Nightly builds, run with -Z macro-backtrace for more info)

error: unsupported type DATETIME of column #20 ("updated_at")
   --> src\db\ingreso_proveedor_queries.rs:202:16
    |
202 |       let rows = sqlx::query_as!(
    |  ________________^
203 | |         IngresoProveedorRow,
204 | |         r#"
205 | |         SELECT 
...   |
219 | |         "#
220 | |     )
    | |_____^
    |
    = note: this error originates in the macro `$crate::sqlx_macros::expand_query` which comes from the expansion of the macro `sqlx::query_as` (in Nightly builds, run with -Z macro-backtrace for more info)

error: unsupported type DATETIME of column #13 ("fecha_ingreso")
   --> src\db\ingreso_proveedor_queries.rs:284:15
    |
284 |       let row = sqlx::query_as!(
    |  _______________^
285 | |         IngresoProveedorRow,
286 | |         r#"
287 | |         SELECT 
...   |
298 | |         proveedor_id
299 | |     )
    | |_____^
    |
    = note: this error originates in the macro `$crate::sqlx_macros::expand_query` which comes from the expansion of the macro `sqlx::query_as` (in Nightly builds, run with -Z macro-backtrace for more info)

error: unsupported type DATETIME of column #14 ("fecha_salida")
   --> src\db\ingreso_proveedor_queries.rs:284:15
    |
284 |       let row = sqlx::query_as!(
    |  _______________^
285 | |         IngresoProveedorRow,
286 | |         r#"
287 | |         SELECT 
...   |
298 | |         proveedor_id
299 | |     )
    | |_____^
    |
    = note: this error originates in the macro `$crate::sqlx_macros::expand_query` which comes from the expansion of the macro `sqlx::query_as` (in Nightly builds, run with -Z macro-backtrace for more info)

error: unsupported type DATETIME of column #19 ("created_at")
   --> src\db\ingreso_proveedor_queries.rs:284:15
    |
284 |       let row = sqlx::query_as!(
    |  _______________^
285 | |         IngresoProveedorRow,
286 | |         r#"
287 | |         SELECT 
...   |
298 | |         proveedor_id
299 | |     )
    | |_____^
    |
    = note: this error originates in the macro `$crate::sqlx_macros::expand_query` which comes from the expansion of the macro `sqlx::query_as` (in Nightly builds, run with -Z macro-backtrace for more info)

error: unsupported type DATETIME of column #20 ("updated_at")
   --> src\db\ingreso_proveedor_queries.rs:284:15
    |
284 |       let row = sqlx::query_as!(
    |  _______________^
285 | |         IngresoProveedorRow,
286 | |         r#"
287 | |         SELECT 
...   |
298 | |         proveedor_id
299 | |     )
    | |_____^
    |
    = note: this error originates in the macro `$crate::sqlx_macros::expand_query` which comes from the expansion of the macro `sqlx::query_as` (in Nightly builds, run with -Z macro-backtrace for more info)

error: unsupported type NULL of column #21 ("usuario_ingreso_nombre")
   --> src\db\ingreso_proveedor_queries.rs:284:15
    |
284 |       let row = sqlx::query_as!(
    |  _______________^
285 | |         IngresoProveedorRow,
286 | |         r#"
287 | |         SELECT 
...   |
298 | |         proveedor_id
299 | |     )
    | |_____^
    |
    = note: this error originates in the macro `$crate::sqlx_macros::expand_query` which comes from the expansion of the macro `sqlx::query_as` (in Nightly builds, run with -Z macro-backtrace for more info)

error: unsupported type NULL of column #22 ("usuario_salida_nombre")
   --> src\db\ingreso_proveedor_queries.rs:284:15
    |
284 |       let row = sqlx::query_as!(
    |  _______________^
285 | |         IngresoProveedorRow,
286 | |         r#"
287 | |         SELECT 
...   |
298 | |         proveedor_id
299 | |     )
    | |_____^
    |
    = note: this error originates in the macro `$crate::sqlx_macros::expand_query` which comes from the expansion of the macro `sqlx::query_as` (in Nightly builds, run with -Z macro-backtrace for more info)

error: unsupported type NULL of column #23 ("empresa_nombre")
   --> src\db\ingreso_proveedor_queries.rs:284:15
    |
284 |       let row = sqlx::query_as!(
    |  _______________^
285 | |         IngresoProveedorRow,
286 | |         r#"
287 | |         SELECT 
...   |
298 | |         proveedor_id
299 | |     )
    | |_____^
    |
    = note: this error originates in the macro `$crate::sqlx_macros::expand_query` which comes from the expansion of the macro `sqlx::query_as` (in Nightly builds, run with -Z macro-backtrace for more info)

error[E0277]: the trait bound `(): sqlx::Decode<'_, Sqlite>` is not satisfied
   --> src\db\ingreso_proveedor_queries.rs:154:15
    |
154 |       let row = sqlx::query_as!(
    |  _______________^
155 | |         IngresoProveedorRow,
156 | |         r#"
157 | |         SELECT 
...   |
169 | |         id
170 | |     )
    | |_____^ the trait `sqlx::Decode<'_, Sqlite>` is not implemented for `()`
    |
    = help: the following other types implement trait `sqlx::Decode<'r, DB>`:
              `&'r [u8]` implements `sqlx::Decode<'r, Sqlite>`
              `&'r str` implements `sqlx::Decode<'r, Sqlite>`
              `Box<[u8]>` implements `sqlx::Decode<'_, Sqlite>`
              `Box<str>` implements `sqlx::Decode<'_, Sqlite>`
              `Cow<'r, str>` implements `sqlx::Decode<'r, Sqlite>`
              `EstadoProveedor` implements `sqlx::Decode<'r, Sqlite>`
              `bool` implements `sqlx::Decode<'r, Sqlite>`
              `f32` implements `sqlx::Decode<'r, Sqlite>`
            and 12 others
note: required by a bound in `try_get_unchecked`
   --> C:\Users\femprobrisas\.cargo\registry\src\index.crates.io-1949cf8c6b5b557f\sqlx-core-0.7.4\src\row.rs:154:12
    |
151 |     fn try_get_unchecked<'r, T, I>(&'r self, index: I) -> Result<T, Error>
    |        ----------------- required by a bound in this associated function
...
154 |         T: Decode<'r, Self::Database>,
    |            ^^^^^^^^^^^^^^^^^^^^^^^^^^ required by this bound in `Row::try_get_unchecked`
    = note: this error originates in the macro `$crate::sqlx_macros::expand_query` which comes from the expansion of the macro `sqlx::query_as` (in Nightly builds, run with -Z macro-backtrace for more info)

error[E0277]: the trait bound `std::string::String: From<std::option::Option<std::string::String>>` is not satisfied
   --> src\db\ingreso_proveedor_queries.rs:154:15
    |
154 |       let row = sqlx::query_as!(
    |  _______________^
155 | |         IngresoProveedorRow,
156 | |         r#"
157 | |         SELECT 
...   |
169 | |         id
170 | |     )
    | |_____^ the trait `From<std::option::Option<std::string::String>>` is not implemented for `std::string::String`
    |
    = help: the following other types implement trait `From<T>`:
              `std::string::String` implements `From<&EcoString>`
              `std::string::String` implements `From<&mut str>`
              `std::string::String` implements `From<&std::string::String>`
              `std::string::String` implements `From<&str>`
              `std::string::String` implements `From<AssetKey>`
              `std::string::String` implements `From<Box<str>>`
              `std::string::String` implements `From<Cow<'_, str>>`
              `std::string::String` implements `From<EcoString>`
            and 14 others
    = note: required for `std::option::Option<std::string::String>` to implement `Into<std::string::String>`
    = note: this error originates in the macro `$crate::sqlx_macros::expand_query` which comes from the expansion of the macro `sqlx::query_as` (in Nightly builds, run with -Z macro-backtrace for more info)

error[E0277]: the trait bound `std::string::String: From<()>` is not satisfied
   --> src\db\ingreso_proveedor_queries.rs:154:15
    |
154 |       let row = sqlx::query_as!(
    |  _______________^
155 | |         IngresoProveedorRow,
156 | |         r#"
157 | |         SELECT 
...   |
169 | |         id
170 | |     )
    | |_____^ the trait `From<()>` is not implemented for `std::string::String`
    |
    = help: the following other types implement trait `From<T>`:
              `std::string::String` implements `From<&EcoString>`
              `std::string::String` implements `From<&mut str>`
              `std::string::String` implements `From<&std::string::String>`
              `std::string::String` implements `From<&str>`
              `std::string::String` implements `From<AssetKey>`
              `std::string::String` implements `From<Box<str>>`
              `std::string::String` implements `From<Cow<'_, str>>`
              `std::string::String` implements `From<EcoString>`
            and 14 others
    = note: required for `()` to implement `Into<std::string::String>`
    = note: this error originates in the macro `$crate::sqlx_macros::expand_query` which comes from the expansion of the macro `sqlx::query_as` (in Nightly builds, run with -Z macro-backtrace for more info)

error[E0277]: the trait bound `std::option::Option<std::string::String>: From<std::option::Option<()>>` is not satisfied
   --> src\db\ingreso_proveedor_queries.rs:154:15
    |
154 |       let row = sqlx::query_as!(
    |  _______________^
155 | |         IngresoProveedorRow,
156 | |         r#"
157 | |         SELECT 
...   |
169 | |         id
170 | |     )
    | |_____^ the trait `From<std::option::Option<()>>` is not implemented for `std::option::Option<std::string::String>`
    |
    = help: the following other types implement trait `From<T>`:
              `std::option::Option<&T>` implements `From<&std::option::Option<T>>`
              `std::option::Option<&mut T>` implements `From<&mut std::option::Option<T>>`
              `std::option::Option<&tracing_core::metadata::Metadata<'_>>` implements `From<&tracing_core::span::Current>`
              `std::option::Option<&tracing_core::span::Id>` implements `From<&tracing::span::EnteredSpan>`
              `std::option::Option<&tracing_core::span::Id>` implements `From<&tracing::span::Span>`
              `std::option::Option<&tracing_core::span::Id>` implements `From<&tracing_core::span::Current>`
              `std::option::Option<BytesColumn>` implements `From<DynamicColumn>`
              `std::option::Option<Either<A, B>>` implements `From<itertools::either_or_both::EitherOrBoth<A, B>>`
            and 31 others
    = note: required for `std::option::Option<()>` to implement `Into<std::option::Option<std::string::String>>`
    = note: this error originates in the macro `$crate::sqlx_macros::expand_query` which comes from the expansion of the macro `sqlx::query_as` (in Nightly builds, run with -Z macro-backtrace for more info)

error[E0277]: the trait bound `(): sqlx::Decode<'_, Sqlite>` is not satisfied
   --> src\db\ingreso_proveedor_queries.rs:178:16
    |
178 |       let rows = sqlx::query_as!(
    |  ________________^
179 | |         IngresoProveedorRow,
180 | |         r#"
181 | |         SELECT 
...   |
193 | |         "#
194 | |     )
    | |_____^ the trait `sqlx::Decode<'_, Sqlite>` is not implemented for `()`
    |
    = help: the following other types implement trait `sqlx::Decode<'r, DB>`:
              `&'r [u8]` implements `sqlx::Decode<'r, Sqlite>`
              `&'r str` implements `sqlx::Decode<'r, Sqlite>`
              `Box<[u8]>` implements `sqlx::Decode<'_, Sqlite>`
              `Box<str>` implements `sqlx::Decode<'_, Sqlite>`
              `Cow<'r, str>` implements `sqlx::Decode<'r, Sqlite>`
              `EstadoProveedor` implements `sqlx::Decode<'r, Sqlite>`
              `bool` implements `sqlx::Decode<'r, Sqlite>`
              `f32` implements `sqlx::Decode<'r, Sqlite>`
            and 12 others
note: required by a bound in `try_get_unchecked`
   --> C:\Users\femprobrisas\.cargo\registry\src\index.crates.io-1949cf8c6b5b557f\sqlx-core-0.7.4\src\row.rs:154:12
    |
151 |     fn try_get_unchecked<'r, T, I>(&'r self, index: I) -> Result<T, Error>
    |        ----------------- required by a bound in this associated function
...
154 |         T: Decode<'r, Self::Database>,
    |            ^^^^^^^^^^^^^^^^^^^^^^^^^^ required by this bound in `Row::try_get_unchecked`
    = note: this error originates in the macro `$crate::sqlx_macros::expand_query` which comes from the expansion of the macro `sqlx::query_as` (in Nightly builds, run with -Z macro-backtrace for more info)

error[E0277]: the trait bound `std::string::String: From<std::option::Option<std::string::String>>` is not satisfied
   --> src\db\ingreso_proveedor_queries.rs:178:16
    |
178 |       let rows = sqlx::query_as!(
    |  ________________^
179 | |         IngresoProveedorRow,
180 | |         r#"
181 | |         SELECT 
...   |
193 | |         "#
194 | |     )
    | |_____^ the trait `From<std::option::Option<std::string::String>>` is not implemented for `std::string::String`
    |
    = help: the following other types implement trait `From<T>`:
              `std::string::String` implements `From<&EcoString>`
              `std::string::String` implements `From<&mut str>`
              `std::string::String` implements `From<&std::string::String>`
              `std::string::String` implements `From<&str>`
              `std::string::String` implements `From<AssetKey>`
              `std::string::String` implements `From<Box<str>>`
              `std::string::String` implements `From<Cow<'_, str>>`
              `std::string::String` implements `From<EcoString>`
            and 14 others
    = note: required for `std::option::Option<std::string::String>` to implement `Into<std::string::String>`
    = note: this error originates in the macro `$crate::sqlx_macros::expand_query` which comes from the expansion of the macro `sqlx::query_as` (in Nightly builds, run with -Z macro-backtrace for more info)

error[E0277]: the trait bound `std::string::String: From<()>` is not satisfied
   --> src\db\ingreso_proveedor_queries.rs:178:16
    |
178 |       let rows = sqlx::query_as!(
    |  ________________^
179 | |         IngresoProveedorRow,
180 | |         r#"
181 | |         SELECT 
...   |
193 | |         "#
194 | |     )
    | |_____^ the trait `From<()>` is not implemented for `std::string::String`
    |
    = help: the following other types implement trait `From<T>`:
              `std::string::String` implements `From<&EcoString>`
              `std::string::String` implements `From<&mut str>`
              `std::string::String` implements `From<&std::string::String>`
              `std::string::String` implements `From<&str>`
              `std::string::String` implements `From<AssetKey>`
              `std::string::String` implements `From<Box<str>>`
              `std::string::String` implements `From<Cow<'_, str>>`
              `std::string::String` implements `From<EcoString>`
            and 14 others
    = note: required for `()` to implement `Into<std::string::String>`
    = note: this error originates in the macro `$crate::sqlx_macros::expand_query` which comes from the expansion of the macro `sqlx::query_as` (in Nightly builds, run with -Z macro-backtrace for more info)

error[E0277]: the trait bound `std::option::Option<std::string::String>: From<std::option::Option<()>>` is not satisfied
   --> src\db\ingreso_proveedor_queries.rs:178:16
    |
178 |       let rows = sqlx::query_as!(
    |  ________________^
179 | |         IngresoProveedorRow,
180 | |         r#"
181 | |         SELECT 
...   |
193 | |         "#
194 | |     )
    | |_____^ the trait `From<std::option::Option<()>>` is not implemented for `std::option::Option<std::string::String>`
    |
    = help: the following other types implement trait `From<T>`:
              `std::option::Option<&T>` implements `From<&std::option::Option<T>>`
              `std::option::Option<&mut T>` implements `From<&mut std::option::Option<T>>`
              `std::option::Option<&tracing_core::metadata::Metadata<'_>>` implements `From<&tracing_core::span::Current>`
              `std::option::Option<&tracing_core::span::Id>` implements `From<&tracing::span::EnteredSpan>`
              `std::option::Option<&tracing_core::span::Id>` implements `From<&tracing::span::Span>`
              `std::option::Option<&tracing_core::span::Id>` implements `From<&tracing_core::span::Current>`
              `std::option::Option<BytesColumn>` implements `From<DynamicColumn>`
              `std::option::Option<Either<A, B>>` implements `From<itertools::either_or_both::EitherOrBoth<A, B>>`
            and 31 others
    = note: required for `std::option::Option<()>` to implement `Into<std::option::Option<std::string::String>>`
    = note: this error originates in the macro `$crate::sqlx_macros::expand_query` which comes from the expansion of the macro `sqlx::query_as` (in Nightly builds, run with -Z macro-backtrace for more info)

error[E0277]: the trait bound `(): sqlx::Decode<'_, Sqlite>` is not satisfied
   --> src\db\ingreso_proveedor_queries.rs:202:16
    |
202 |       let rows = sqlx::query_as!(
    |  ________________^
203 | |         IngresoProveedorRow,
204 | |         r#"
205 | |         SELECT 
...   |
219 | |         "#
220 | |     )
    | |_____^ the trait `sqlx::Decode<'_, Sqlite>` is not implemented for `()`
    |
    = help: the following other types implement trait `sqlx::Decode<'r, DB>`:
              `&'r [u8]` implements `sqlx::Decode<'r, Sqlite>`
              `&'r str` implements `sqlx::Decode<'r, Sqlite>`
              `Box<[u8]>` implements `sqlx::Decode<'_, Sqlite>`
              `Box<str>` implements `sqlx::Decode<'_, Sqlite>`
              `Cow<'r, str>` implements `sqlx::Decode<'r, Sqlite>`
              `EstadoProveedor` implements `sqlx::Decode<'r, Sqlite>`
              `bool` implements `sqlx::Decode<'r, Sqlite>`
              `f32` implements `sqlx::Decode<'r, Sqlite>`
            and 12 others
note: required by a bound in `try_get_unchecked`
   --> C:\Users\femprobrisas\.cargo\registry\src\index.crates.io-1949cf8c6b5b557f\sqlx-core-0.7.4\src\row.rs:154:12
    |
151 |     fn try_get_unchecked<'r, T, I>(&'r self, index: I) -> Result<T, Error>
    |        ----------------- required by a bound in this associated function
...
154 |         T: Decode<'r, Self::Database>,
    |            ^^^^^^^^^^^^^^^^^^^^^^^^^^ required by this bound in `Row::try_get_unchecked`
    = note: this error originates in the macro `$crate::sqlx_macros::expand_query` which comes from the expansion of the macro `sqlx::query_as` (in Nightly builds, run with -Z macro-backtrace for more info)

error[E0277]: the trait bound `std::string::String: From<std::option::Option<std::string::String>>` is not satisfied
   --> src\db\ingreso_proveedor_queries.rs:202:16
    |
202 |       let rows = sqlx::query_as!(
    |  ________________^
203 | |         IngresoProveedorRow,
204 | |         r#"
205 | |         SELECT 
...   |
219 | |         "#
220 | |     )
    | |_____^ the trait `From<std::option::Option<std::string::String>>` is not implemented for `std::string::String`
    |
    = help: the following other types implement trait `From<T>`:
              `std::string::String` implements `From<&EcoString>`
              `std::string::String` implements `From<&mut str>`
              `std::string::String` implements `From<&std::string::String>`
              `std::string::String` implements `From<&str>`
              `std::string::String` implements `From<AssetKey>`
              `std::string::String` implements `From<Box<str>>`
              `std::string::String` implements `From<Cow<'_, str>>`
              `std::string::String` implements `From<EcoString>`
            and 14 others
    = note: required for `std::option::Option<std::string::String>` to implement `Into<std::string::String>`
    = note: this error originates in the macro `$crate::sqlx_macros::expand_query` which comes from the expansion of the macro `sqlx::query_as` (in Nightly builds, run with -Z macro-backtrace for more info)

error[E0277]: the trait bound `std::string::String: From<()>` is not satisfied
   --> src\db\ingreso_proveedor_queries.rs:202:16
    |
202 |       let rows = sqlx::query_as!(
    |  ________________^
203 | |         IngresoProveedorRow,
204 | |         r#"
205 | |         SELECT 
...   |
219 | |         "#
220 | |     )
    | |_____^ the trait `From<()>` is not implemented for `std::string::String`
    |
    = help: the following other types implement trait `From<T>`:
              `std::string::String` implements `From<&EcoString>`
              `std::string::String` implements `From<&mut str>`
              `std::string::String` implements `From<&std::string::String>`
              `std::string::String` implements `From<&str>`
              `std::string::String` implements `From<AssetKey>`
              `std::string::String` implements `From<Box<str>>`
              `std::string::String` implements `From<Cow<'_, str>>`
              `std::string::String` implements `From<EcoString>`
            and 14 others
    = note: required for `()` to implement `Into<std::string::String>`
    = note: this error originates in the macro `$crate::sqlx_macros::expand_query` which comes from the expansion of the macro `sqlx::query_as` (in Nightly builds, run with -Z macro-backtrace for more info)

error[E0277]: the trait bound `std::option::Option<std::string::String>: From<std::option::Option<()>>` is not satisfied
   --> src\db\ingreso_proveedor_queries.rs:202:16
    |
202 |       let rows = sqlx::query_as!(
    |  ________________^
203 | |         IngresoProveedorRow,
204 | |         r#"
205 | |         SELECT 
...   |
219 | |         "#
220 | |     )
    | |_____^ the trait `From<std::option::Option<()>>` is not implemented for `std::option::Option<std::string::String>`
    |
    = help: the following other types implement trait `From<T>`:
              `std::option::Option<&T>` implements `From<&std::option::Option<T>>`
              `std::option::Option<&mut T>` implements `From<&mut std::option::Option<T>>`
              `std::option::Option<&tracing_core::metadata::Metadata<'_>>` implements `From<&tracing_core::span::Current>`
              `std::option::Option<&tracing_core::span::Id>` implements `From<&tracing::span::EnteredSpan>`
              `std::option::Option<&tracing_core::span::Id>` implements `From<&tracing::span::Span>`
              `std::option::Option<&tracing_core::span::Id>` implements `From<&tracing_core::span::Current>`
              `std::option::Option<BytesColumn>` implements `From<DynamicColumn>`
              `std::option::Option<Either<A, B>>` implements `From<itertools::either_or_both::EitherOrBoth<A, B>>`
            and 31 others
    = note: required for `std::option::Option<()>` to implement `Into<std::option::Option<std::string::String>>`
    = note: this error originates in the macro `$crate::sqlx_macros::expand_query` which comes from the expansion of the macro `sqlx::query_as` (in Nightly builds, run with -Z macro-backtrace for more info)

error[E0277]: the trait bound `(): sqlx::Decode<'_, Sqlite>` is not satisfied
   --> src\db\ingreso_proveedor_queries.rs:284:15
    |
284 |       let row = sqlx::query_as!(
    |  _______________^
285 | |         IngresoProveedorRow,
286 | |         r#"
287 | |         SELECT 
...   |
298 | |         proveedor_id
299 | |     )
    | |_____^ the trait `sqlx::Decode<'_, Sqlite>` is not implemented for `()`
    |
    = help: the following other types implement trait `sqlx::Decode<'r, DB>`:
              `&'r [u8]` implements `sqlx::Decode<'r, Sqlite>`
              `&'r str` implements `sqlx::Decode<'r, Sqlite>`
              `Box<[u8]>` implements `sqlx::Decode<'_, Sqlite>`
              `Box<str>` implements `sqlx::Decode<'_, Sqlite>`
              `Cow<'r, str>` implements `sqlx::Decode<'r, Sqlite>`
              `EstadoProveedor` implements `sqlx::Decode<'r, Sqlite>`
              `bool` implements `sqlx::Decode<'r, Sqlite>`
              `f32` implements `sqlx::Decode<'r, Sqlite>`
            and 12 others
note: required by a bound in `try_get_unchecked`
   --> C:\Users\femprobrisas\.cargo\registry\src\index.crates.io-1949cf8c6b5b557f\sqlx-core-0.7.4\src\row.rs:154:12
    |
151 |     fn try_get_unchecked<'r, T, I>(&'r self, index: I) -> Result<T, Error>
    |        ----------------- required by a bound in this associated function
...
154 |         T: Decode<'r, Self::Database>,
    |            ^^^^^^^^^^^^^^^^^^^^^^^^^^ required by this bound in `Row::try_get_unchecked`
    = note: this error originates in the macro `$crate::sqlx_macros::expand_query` which comes from the expansion of the macro `sqlx::query_as` (in Nightly builds, run with -Z macro-backtrace for more info)

error[E0277]: the trait bound `std::string::String: From<std::option::Option<std::string::String>>` is not satisfied
   --> src\db\ingreso_proveedor_queries.rs:284:15
    |
284 |       let row = sqlx::query_as!(
    |  _______________^
285 | |         IngresoProveedorRow,
286 | |         r#"
287 | |         SELECT 
...   |
298 | |         proveedor_id
299 | |     )
    | |_____^ the trait `From<std::option::Option<std::string::String>>` is not implemented for `std::string::String`
    |
    = help: the following other types implement trait `From<T>`:
              `std::string::String` implements `From<&EcoString>`
              `std::string::String` implements `From<&mut str>`
              `std::string::String` implements `From<&std::string::String>`
              `std::string::String` implements `From<&str>`
              `std::string::String` implements `From<AssetKey>`
              `std::string::String` implements `From<Box<str>>`
              `std::string::String` implements `From<Cow<'_, str>>`
              `std::string::String` implements `From<EcoString>`
            and 14 others
    = note: required for `std::option::Option<std::string::String>` to implement `Into<std::string::String>`
    = note: this error originates in the macro `$crate::sqlx_macros::expand_query` which comes from the expansion of the macro `sqlx::query_as` (in Nightly builds, run with -Z macro-backtrace for more info)

error[E0277]: the trait bound `std::string::String: From<()>` is not satisfied
   --> src\db\ingreso_proveedor_queries.rs:284:15
    |
284 |       let row = sqlx::query_as!(
    |  _______________^
285 | |         IngresoProveedorRow,
286 | |         r#"
287 | |         SELECT 
...   |
298 | |         proveedor_id
299 | |     )
    | |_____^ the trait `From<()>` is not implemented for `std::string::String`
    |
    = help: the following other types implement trait `From<T>`:
              `std::string::String` implements `From<&EcoString>`
              `std::string::String` implements `From<&mut str>`
              `std::string::String` implements `From<&std::string::String>`
              `std::string::String` implements `From<&str>`
              `std::string::String` implements `From<AssetKey>`
              `std::string::String` implements `From<Box<str>>`
              `std::string::String` implements `From<Cow<'_, str>>`
              `std::string::String` implements `From<EcoString>`
            and 14 others
    = note: required for `()` to implement `Into<std::string::String>`
    = note: this error originates in the macro `$crate::sqlx_macros::expand_query` which comes from the expansion of the macro `sqlx::query_as` (in Nightly builds, run with -Z macro-backtrace for more info)

error[E0277]: the trait bound `std::option::Option<std::string::String>: From<std::option::Option<()>>` is not satisfied
   --> src\db\ingreso_proveedor_queries.rs:284:15
    |
284 |       let row = sqlx::query_as!(
    |  _______________^
285 | |         IngresoProveedorRow,
286 | |         r#"
287 | |         SELECT 
...   |
298 | |         proveedor_id
299 | |     )
    | |_____^ the trait `From<std::option::Option<()>>` is not implemented for `std::option::Option<std::string::String>`
    |
    = help: the following other types implement trait `From<T>`:
              `std::option::Option<&T>` implements `From<&std::option::Option<T>>`
              `std::option::Option<&mut T>` implements `From<&mut std::option::Option<T>>`
              `std::option::Option<&tracing_core::metadata::Metadata<'_>>` implements `From<&tracing_core::span::Current>`
              `std::option::Option<&tracing_core::span::Id>` implements `From<&tracing::span::EnteredSpan>`
              `std::option::Option<&tracing_core::span::Id>` implements `From<&tracing::span::Span>`
              `std::option::Option<&tracing_core::span::Id>` implements `From<&tracing_core::span::Current>`
              `std::option::Option<BytesColumn>` implements `From<DynamicColumn>`
              `std::option::Option<Either<A, B>>` implements `From<itertools::either_or_both::EitherOrBoth<A, B>>`
            and 31 others
    = note: required for `std::option::Option<()>` to implement `Into<std::option::Option<std::string::String>>`
    = note: this error originates in the macro `$crate::sqlx_macros::expand_query` which comes from the expansion of the macro `sqlx::query_as` (in Nightly builds, run with -Z macro-backtrace for more info)

error[E0308]: mismatched types
   --> src\services\ingreso_proveedor_service.rs:244:58
    |
244 |             .map_err(|e| IngresoProveedorError::Database(e))?; // Asumiendo que retorna sqlx::Error ahora?
    |                          ------------------------------- ^ expected `Error`, found `AlertaError`
    |                          |
    |                          arguments to this enum variant are incorrect
    |
note: tuple variant defined here
   --> src\domain\errors.rs:169:5
    |
169 |     Database(#[from] sqlx::Error),
    |     ^^^^^^^^

error[E0308]: mismatched types
  --> src\db\ingreso_proveedor_queries.rs:57:21
   |
57 |             gafete: row.gafete.unwrap_or_default(),
   |                     ^^^^^^^^^^^^^^^^^^^^^^^^^^^^^^ expected `Option<String>`, found `String`
   |
   = note: expected enum `std::option::Option<std::string::String>`
            found struct `std::string::String`
help: try wrapping the expression in `Some`
   |
57 |             gafete: Some(row.gafete.unwrap_or_default()),
   |                     +++++                              +

Some errors have detailed explanations: E0277, E0308.
For more information about an error, try `rustc --explain E0277`.
error: could not compile `brisas-app` (lib) due to 39 previous errors
