    Checking brisas-app v0.1.0 (C:\Users\femprobrisas\proyecto-brisas\Rust\brisas-app\src-tauri)
error: unsupported type DATETIME of column #8 ("fecha_ingreso!")
  --> src\db\ingreso_visita_queries.rs:71:5
   |
71 | /     sqlx::query_as!(
72 | |         IngresoVisitaPopulated,
73 | |         r#"
74 | |         SELECT 
...  |
98 | |         "#
99 | |     )
   | |_____^
   |
   = note: this error originates in the macro `$crate::sqlx_macros::expand_query` which comes from the expansion of the macro `sqlx::query_as` (in Nightly builds, run with -Z macro-backtrace for more info)

error: unsupported type DATETIME of column #9 ("fecha_salida")
  --> src\db\ingreso_visita_queries.rs:71:5
   |
71 | /     sqlx::query_as!(
72 | |         IngresoVisitaPopulated,
73 | |         r#"
74 | |         SELECT 
...  |
98 | |         "#
99 | |     )
   | |_____^
   |
   = note: this error originates in the macro `$crate::sqlx_macros::expand_query` which comes from the expansion of the macro `sqlx::query_as` (in Nightly builds, run with -Z macro-backtrace for more info)

error: unsupported type DATETIME of column #14 ("created_at!")
  --> src\db\ingreso_visita_queries.rs:71:5
   |
71 | /     sqlx::query_as!(
72 | |         IngresoVisitaPopulated,
73 | |         r#"
74 | |         SELECT 
...  |
98 | |         "#
99 | |     )
   | |_____^
   |
   = note: this error originates in the macro `$crate::sqlx_macros::expand_query` which comes from the expansion of the macro `sqlx::query_as` (in Nightly builds, run with -Z macro-backtrace for more info)

error: unsupported type DATETIME of column #15 ("updated_at!")
  --> src\db\ingreso_visita_queries.rs:71:5
   |
71 | /     sqlx::query_as!(
72 | |         IngresoVisitaPopulated,
73 | |         r#"
74 | |         SELECT 
...  |
98 | |         "#
99 | |     )
   | |_____^
   |
   = note: this error originates in the macro `$crate::sqlx_macros::expand_query` which comes from the expansion of the macro `sqlx::query_as` (in Nightly builds, run with -Z macro-backtrace for more info)

error: unsupported type DATETIME of column #8 ("fecha_ingreso!")
   --> src\db\ingreso_visita_queries.rs:135:5
    |
135 | /     sqlx::query_as!(
136 | |         IngresoVisitaPopulated,
137 | |         r#"
138 | |         SELECT 
...   |
163 | |         "#
164 | |     )
    | |_____^
    |
    = note: this error originates in the macro `$crate::sqlx_macros::expand_query` which comes from the expansion of the macro `sqlx::query_as` (in Nightly builds, run with -Z macro-backtrace for more info)

error: unsupported type DATETIME of column #9 ("fecha_salida")
   --> src\db\ingreso_visita_queries.rs:135:5
    |
135 | /     sqlx::query_as!(
136 | |         IngresoVisitaPopulated,
137 | |         r#"
138 | |         SELECT 
...   |
163 | |         "#
164 | |     )
    | |_____^
    |
    = note: this error originates in the macro `$crate::sqlx_macros::expand_query` which comes from the expansion of the macro `sqlx::query_as` (in Nightly builds, run with -Z macro-backtrace for more info)

error: unsupported type DATETIME of column #14 ("created_at!")
   --> src\db\ingreso_visita_queries.rs:135:5
    |
135 | /     sqlx::query_as!(
136 | |         IngresoVisitaPopulated,
137 | |         r#"
138 | |         SELECT 
...   |
163 | |         "#
164 | |     )
    | |_____^
    |
    = note: this error originates in the macro `$crate::sqlx_macros::expand_query` which comes from the expansion of the macro `sqlx::query_as` (in Nightly builds, run with -Z macro-backtrace for more info)

error: unsupported type DATETIME of column #15 ("updated_at!")
   --> src\db\ingreso_visita_queries.rs:135:5
    |
135 | /     sqlx::query_as!(
136 | |         IngresoVisitaPopulated,
137 | |         r#"
138 | |         SELECT 
...   |
163 | |         "#
164 | |     )
    | |_____^
    |
    = note: this error originates in the macro `$crate::sqlx_macros::expand_query` which comes from the expansion of the macro `sqlx::query_as` (in Nightly builds, run with -Z macro-backtrace for more info)

error[E0277]: the trait bound `(): sqlx::Decode<'_, Sqlite>` is not satisfied
   --> src\db\ingreso_visita_queries.rs:71:5
    |
 71 | /     sqlx::query_as!(
 72 | |         IngresoVisitaPopulated,
 73 | |         r#"
 74 | |         SELECT 
...   |
 98 | |         "#
 99 | |     )
    | |_____^ the trait `sqlx::Decode<'_, Sqlite>` is not implemented for `()`
    |
    = help: the following other types implement trait `sqlx::Decode<'r, DB>`:
              `&'r [u8]` implements `sqlx::Decode<'r, Sqlite>`
              `&'r str` implements `sqlx::Decode<'r, Sqlite>`
              `Box<[u8]>` implements `sqlx::Decode<'_, Sqlite>`
              `Box<str>` implements `sqlx::Decode<'_, Sqlite>`
              `Cow<'r, str>` implements `sqlx::Decode<'r, Sqlite>`
              `EstadoProveedor` implements `sqlx::Decode<'r, Sqlite>`
              `bool` implements `sqlx::Decode<'r, Sqlite>`
              `f32` implements `sqlx::Decode<'r, Sqlite>`
            and 12 others
note: required by a bound in `try_get_unchecked`
   --> C:\Users\femprobrisas\.cargo\registry\src\index.crates.io-1949cf8c6b5b557f\sqlx-core-0.7.4\src\row.rs:154:12
    |
151 |     fn try_get_unchecked<'r, T, I>(&'r self, index: I) -> Result<T, Error>
    |        ----------------- required by a bound in this associated function
...
154 |         T: Decode<'r, Self::Database>,
    |            ^^^^^^^^^^^^^^^^^^^^^^^^^^ required by this bound in `Row::try_get_unchecked`
    = note: this error originates in the macro `$crate::sqlx_macros::expand_query` which comes from the expansion of the macro `sqlx::query_as` (in Nightly builds, run with -Z macro-backtrace for more info)

error[E0277]: the trait bound `std::string::String: From<()>` is not satisfied
  --> src\db\ingreso_visita_queries.rs:71:5
   |
71 | /     sqlx::query_as!(
72 | |         IngresoVisitaPopulated,
73 | |         r#"
74 | |         SELECT 
...  |
98 | |         "#
99 | |     )
   | |_____^ the trait `From<()>` is not implemented for `std::string::String`
   |
   = help: the following other types implement trait `From<T>`:
             `std::string::String` implements `From<&EcoString>`
             `std::string::String` implements `From<&mut str>`
             `std::string::String` implements `From<&std::string::String>`
             `std::string::String` implements `From<&str>`
             `std::string::String` implements `From<AssetKey>`
             `std::string::String` implements `From<Box<str>>`
             `std::string::String` implements `From<Cow<'_, str>>`
             `std::string::String` implements `From<EcoString>`
           and 14 others
   = note: required for `()` to implement `Into<std::string::String>`
   = note: this error originates in the macro `$crate::sqlx_macros::expand_query` which comes from the expansion of the macro `sqlx::query_as` (in Nightly builds, run with -Z macro-backtrace for more info)

error[E0277]: the trait bound `std::option::Option<std::string::String>: From<std::option::Option<()>>` is not satisfied
  --> src\db\ingreso_visita_queries.rs:71:5
   |
71 | /     sqlx::query_as!(
72 | |         IngresoVisitaPopulated,
73 | |         r#"
74 | |         SELECT 
...  |
98 | |         "#
99 | |     )
   | |_____^ the trait `From<std::option::Option<()>>` is not implemented for `std::option::Option<std::string::String>`
   |
   = help: the following other types implement trait `From<T>`:
             `std::option::Option<&T>` implements `From<&std::option::Option<T>>`
             `std::option::Option<&mut T>` implements `From<&mut std::option::Option<T>>`
             `std::option::Option<&tracing_core::metadata::Metadata<'_>>` implements `From<&tracing_core::span::Current>`
             `std::option::Option<&tracing_core::span::Id>` implements `From<&tracing::span::EnteredSpan>`
             `std::option::Option<&tracing_core::span::Id>` implements `From<&tracing::span::Span>`
             `std::option::Option<&tracing_core::span::Id>` implements `From<&tracing_core::span::Current>`
             `std::option::Option<BytesColumn>` implements `From<DynamicColumn>`
             `std::option::Option<Either<A, B>>` implements `From<itertools::either_or_both::EitherOrBoth<A, B>>`
           and 31 others
   = note: required for `std::option::Option<()>` to implement `Into<std::option::Option<std::string::String>>`
   = note: this error originates in the macro `$crate::sqlx_macros::expand_query` which comes from the expansion of the macro `sqlx::query_as` (in Nightly builds, run with -Z macro-backtrace for more info)

error[E0277]: the trait bound `(): sqlx::Decode<'_, Sqlite>` is not satisfied
   --> src\db\ingreso_visita_queries.rs:135:5
    |
135 | /     sqlx::query_as!(
136 | |         IngresoVisitaPopulated,
137 | |         r#"
138 | |         SELECT 
...   |
163 | |         "#
164 | |     )
    | |_____^ the trait `sqlx::Decode<'_, Sqlite>` is not implemented for `()`
    |
    = help: the following other types implement trait `sqlx::Decode<'r, DB>`:
              `&'r [u8]` implements `sqlx::Decode<'r, Sqlite>`
              `&'r str` implements `sqlx::Decode<'r, Sqlite>`
              `Box<[u8]>` implements `sqlx::Decode<'_, Sqlite>`
              `Box<str>` implements `sqlx::Decode<'_, Sqlite>`
              `Cow<'r, str>` implements `sqlx::Decode<'r, Sqlite>`
              `EstadoProveedor` implements `sqlx::Decode<'r, Sqlite>`
              `bool` implements `sqlx::Decode<'r, Sqlite>`
              `f32` implements `sqlx::Decode<'r, Sqlite>`
            and 12 others
note: required by a bound in `try_get_unchecked`
   --> C:\Users\femprobrisas\.cargo\registry\src\index.crates.io-1949cf8c6b5b557f\sqlx-core-0.7.4\src\row.rs:154:12
    |
151 |     fn try_get_unchecked<'r, T, I>(&'r self, index: I) -> Result<T, Error>
    |        ----------------- required by a bound in this associated function
...
154 |         T: Decode<'r, Self::Database>,
    |            ^^^^^^^^^^^^^^^^^^^^^^^^^^ required by this bound in `Row::try_get_unchecked`
    = note: this error originates in the macro `$crate::sqlx_macros::expand_query` which comes from the expansion of the macro `sqlx::query_as` (in Nightly builds, run with -Z macro-backtrace for more info)

error[E0277]: the trait bound `std::string::String: From<()>` is not satisfied
   --> src\db\ingreso_visita_queries.rs:135:5
    |
135 | /     sqlx::query_as!(
136 | |         IngresoVisitaPopulated,
137 | |         r#"
138 | |         SELECT 
...   |
163 | |         "#
164 | |     )
    | |_____^ the trait `From<()>` is not implemented for `std::string::String`
    |
    = help: the following other types implement trait `From<T>`:
              `std::string::String` implements `From<&EcoString>`
              `std::string::String` implements `From<&mut str>`
              `std::string::String` implements `From<&std::string::String>`
              `std::string::String` implements `From<&str>`
              `std::string::String` implements `From<AssetKey>`
              `std::string::String` implements `From<Box<str>>`
              `std::string::String` implements `From<Cow<'_, str>>`
              `std::string::String` implements `From<EcoString>`
            and 14 others
    = note: required for `()` to implement `Into<std::string::String>`
    = note: this error originates in the macro `$crate::sqlx_macros::expand_query` which comes from the expansion of the macro `sqlx::query_as` (in Nightly builds, run with -Z macro-backtrace for more info)

error[E0277]: the trait bound `std::option::Option<std::string::String>: From<std::option::Option<()>>` is not satisfied
   --> src\db\ingreso_visita_queries.rs:135:5
    |
135 | /     sqlx::query_as!(
136 | |         IngresoVisitaPopulated,
137 | |         r#"
138 | |         SELECT 
...   |
163 | |         "#
164 | |     )
    | |_____^ the trait `From<std::option::Option<()>>` is not implemented for `std::option::Option<std::string::String>`
    |
    = help: the following other types implement trait `From<T>`:
              `std::option::Option<&T>` implements `From<&std::option::Option<T>>`
              `std::option::Option<&mut T>` implements `From<&mut std::option::Option<T>>`
              `std::option::Option<&tracing_core::metadata::Metadata<'_>>` implements `From<&tracing_core::span::Current>`
              `std::option::Option<&tracing_core::span::Id>` implements `From<&tracing::span::EnteredSpan>`
              `std::option::Option<&tracing_core::span::Id>` implements `From<&tracing::span::Span>`
              `std::option::Option<&tracing_core::span::Id>` implements `From<&tracing_core::span::Current>`
              `std::option::Option<BytesColumn>` implements `From<DynamicColumn>`
              `std::option::Option<Either<A, B>>` implements `From<itertools::either_or_both::EitherOrBoth<A, B>>`
            and 31 others
    = note: required for `std::option::Option<()>` to implement `Into<std::option::Option<std::string::String>>`
    = note: this error originates in the macro `$crate::sqlx_macros::expand_query` which comes from the expansion of the macro `sqlx::query_as` (in Nightly builds, run with -Z macro-backtrace for more info)

For more information about this error, try `rustc --explain E0277`.
error: could not compile `brisas-app` (lib) due to 14 previous errors
